<?xml version="1.0" encoding="UTF-8"?>
<testsuites>
  <testsuite name="" tests="17" assertions="128" errors="0" warnings="0" failures="0" skipped="0" time="0.028367">
    <testsuite name="Unit Tests" tests="17" assertions="128" errors="0" warnings="0" failures="0" skipped="0" time="0.028367">
      <testsuite name="GlobalPayments\Examples\Tests\TransactionReporterIntegrationTest" file="/home/radoslavsheytanov/Documents/card-authentication/card-authentication/tests/TransactionReporterIntegrationTest.php" tests="5" assertions="64" errors="0" warnings="0" failures="0" skipped="0" time="0.023221">
        <testcase name="testRecordAndRetrieveLocalTransactions" class="GlobalPayments\Examples\Tests\TransactionReporterIntegrationTest" classname="GlobalPayments.Examples.Tests.TransactionReporterIntegrationTest" file="/home/radoslavsheytanov/Documents/card-authentication/card-authentication/tests/TransactionReporterIntegrationTest.php" line="40" assertions="16" time="0.008899"/>
        <testcase name="testDateRangeFiltering" class="GlobalPayments\Examples\Tests\TransactionReporterIntegrationTest" classname="GlobalPayments.Examples.Tests.TransactionReporterIntegrationTest" file="/home/radoslavsheytanov/Documents/card-authentication/card-authentication/tests/TransactionReporterIntegrationTest.php" line="148" assertions="9" time="0.002167"/>
        <testcase name="testTransactionLimitHandling" class="GlobalPayments\Examples\Tests\TransactionReporterIntegrationTest" classname="GlobalPayments.Examples.Tests.TransactionReporterIntegrationTest" file="/home/radoslavsheytanov/Documents/card-authentication/card-authentication/tests/TransactionReporterIntegrationTest.php" line="213" assertions="9" time="0.009602"/>
        <testcase name="testTransactionDataIntegrity" class="GlobalPayments\Examples\Tests\TransactionReporterIntegrationTest" classname="GlobalPayments.Examples.Tests.TransactionReporterIntegrationTest" file="/home/radoslavsheytanov/Documents/card-authentication/card-authentication/tests/TransactionReporterIntegrationTest.php" line="264" assertions="17" time="0.001159"/>
        <testcase name="testDefaultValueHandling" class="GlobalPayments\Examples\Tests\TransactionReporterIntegrationTest" classname="GlobalPayments.Examples.Tests.TransactionReporterIntegrationTest" file="/home/radoslavsheytanov/Documents/card-authentication/card-authentication/tests/TransactionReporterIntegrationTest.php" line="331" assertions="13" time="0.001394"/>
      </testsuite>
      <testsuite name="GlobalPayments\Examples\Tests\TransactionReporterTest" file="/home/radoslavsheytanov/Documents/card-authentication/card-authentication/tests/TransactionReporterTest.php" tests="12" assertions="64" errors="0" warnings="0" failures="0" skipped="0" time="0.005145">
        <testcase name="testFormatTransactionForDashboard" class="GlobalPayments\Examples\Tests\TransactionReporterTest" classname="GlobalPayments.Examples.Tests.TransactionReporterTest" file="/home/radoslavsheytanov/Documents/card-authentication/card-authentication/tests/TransactionReporterTest.php" line="93" assertions="18" time="0.000548"/>
        <testcase name="testFormatTransactionWithVerificationAmount" class="GlobalPayments\Examples\Tests\TransactionReporterTest" classname="GlobalPayments.Examples.Tests.TransactionReporterTest" file="/home/radoslavsheytanov/Documents/card-authentication/card-authentication/tests/TransactionReporterTest.php" line="125" assertions="2" time="0.000106"/>
        <testcase name="testGetTransactionType" class="GlobalPayments\Examples\Tests\TransactionReporterTest" classname="GlobalPayments.Examples.Tests.TransactionReporterTest" file="/home/radoslavsheytanov/Documents/card-authentication/card-authentication/tests/TransactionReporterTest.php" line="138" assertions="6" time="0.000117"/>
        <testcase name="testGetResponseCode" class="GlobalPayments\Examples\Tests\TransactionReporterTest" classname="GlobalPayments.Examples.Tests.TransactionReporterTest" file="/home/radoslavsheytanov/Documents/card-authentication/card-authentication/tests/TransactionReporterTest.php" line="178" assertions="5" time="0.000078"/>
        <testcase name="testGetResponseMessage" class="GlobalPayments\Examples\Tests\TransactionReporterTest" classname="GlobalPayments.Examples.Tests.TransactionReporterTest" file="/home/radoslavsheytanov/Documents/card-authentication/card-authentication/tests/TransactionReporterTest.php" line="223" assertions="4" time="0.000069"/>
        <testcase name="testGetTransactionStatus" class="GlobalPayments\Examples\Tests\TransactionReporterTest" classname="GlobalPayments.Examples.Tests.TransactionReporterTest" file="/home/radoslavsheytanov/Documents/card-authentication/card-authentication/tests/TransactionReporterTest.php" line="256" assertions="7" time="0.000085"/>
        <testcase name="testValidateTransactionAuthenticity" class="GlobalPayments\Examples\Tests\TransactionReporterTest" classname="GlobalPayments.Examples.Tests.TransactionReporterTest" file="/home/radoslavsheytanov/Documents/card-authentication/card-authentication/tests/TransactionReporterTest.php" line="306" assertions="6" time="0.000282"/>
        <testcase name="testRecordTransaction" class="GlobalPayments\Examples\Tests\TransactionReporterTest" classname="GlobalPayments.Examples.Tests.TransactionReporterTest" file="/home/radoslavsheytanov/Documents/card-authentication/card-authentication/tests/TransactionReporterTest.php" line="342" assertions="0" time="0.000776"/>
        <testcase name="testGetLocalTransactions" class="GlobalPayments\Examples\Tests\TransactionReporterTest" classname="GlobalPayments.Examples.Tests.TransactionReporterTest" file="/home/radoslavsheytanov/Documents/card-authentication/card-authentication/tests/TransactionReporterTest.php" line="365" assertions="6" time="0.001422"/>
        <testcase name="testGetLocalTransactionsWithDateFilter" class="GlobalPayments\Examples\Tests\TransactionReporterTest" classname="GlobalPayments.Examples.Tests.TransactionReporterTest" file="/home/radoslavsheytanov/Documents/card-authentication/card-authentication/tests/TransactionReporterTest.php" line="401" assertions="3" time="0.001352"/>
        <testcase name="testTimestampHandling" class="GlobalPayments\Examples\Tests\TransactionReporterTest" classname="GlobalPayments.Examples.Tests.TransactionReporterTest" file="/home/radoslavsheytanov/Documents/card-authentication/card-authentication/tests/TransactionReporterTest.php" line="448" assertions="4" time="0.000183"/>
        <testcase name="testCardDataHandling" class="GlobalPayments\Examples\Tests\TransactionReporterTest" classname="GlobalPayments.Examples.Tests.TransactionReporterTest" file="/home/radoslavsheytanov/Documents/card-authentication/card-authentication/tests/TransactionReporterTest.php" line="487" assertions="3" time="0.000128"/>
      </testsuite>
    </testsuite>
  </testsuite>
</testsuites>
