<?xml version="1.0" encoding="UTF-8"?>
<testsuites>
  <testsuite name="" tests="17" assertions="128" errors="0" warnings="0" failures="0" skipped="0" time="0.088798">
    <testsuite name="Unit Tests" tests="17" assertions="128" errors="0" warnings="0" failures="0" skipped="0" time="0.088798">
      <testsuite name="GlobalPayments\Examples\Tests\TransactionReporterIntegrationTest" file="/home/radoslavsheytanov/Documents/card-authentication/card-authentication/tests/TransactionReporterIntegrationTest.php" tests="5" assertions="64" errors="0" warnings="0" failures="0" skipped="0" time="0.069125">
        <testcase name="testRecordAndRetrieveLocalTransactions" class="GlobalPayments\Examples\Tests\TransactionReporterIntegrationTest" classname="GlobalPayments.Examples.Tests.TransactionReporterIntegrationTest" file="/home/radoslavsheytanov/Documents/card-authentication/card-authentication/tests/TransactionReporterIntegrationTest.php" line="40" assertions="16" time="0.018544"/>
        <testcase name="testDateRangeFiltering" class="GlobalPayments\Examples\Tests\TransactionReporterIntegrationTest" classname="GlobalPayments.Examples.Tests.TransactionReporterIntegrationTest" file="/home/radoslavsheytanov/Documents/card-authentication/card-authentication/tests/TransactionReporterIntegrationTest.php" line="148" assertions="9" time="0.009568"/>
        <testcase name="testTransactionLimitHandling" class="GlobalPayments\Examples\Tests\TransactionReporterIntegrationTest" classname="GlobalPayments.Examples.Tests.TransactionReporterIntegrationTest" file="/home/radoslavsheytanov/Documents/card-authentication/card-authentication/tests/TransactionReporterIntegrationTest.php" line="213" assertions="9" time="0.029603"/>
        <testcase name="testTransactionDataIntegrity" class="GlobalPayments\Examples\Tests\TransactionReporterIntegrationTest" classname="GlobalPayments.Examples.Tests.TransactionReporterIntegrationTest" file="/home/radoslavsheytanov/Documents/card-authentication/card-authentication/tests/TransactionReporterIntegrationTest.php" line="264" assertions="17" time="0.006724"/>
        <testcase name="testDefaultValueHandling" class="GlobalPayments\Examples\Tests\TransactionReporterIntegrationTest" classname="GlobalPayments.Examples.Tests.TransactionReporterIntegrationTest" file="/home/radoslavsheytanov/Documents/card-authentication/card-authentication/tests/TransactionReporterIntegrationTest.php" line="331" assertions="13" time="0.004685"/>
      </testsuite>
      <testsuite name="GlobalPayments\Examples\Tests\TransactionReporterTest" file="/home/radoslavsheytanov/Documents/card-authentication/card-authentication/tests/TransactionReporterTest.php" tests="12" assertions="64" errors="0" warnings="0" failures="0" skipped="0" time="0.019673">
        <testcase name="testFormatTransactionForDashboard" class="GlobalPayments\Examples\Tests\TransactionReporterTest" classname="GlobalPayments.Examples.Tests.TransactionReporterTest" file="/home/radoslavsheytanov/Documents/card-authentication/card-authentication/tests/TransactionReporterTest.php" line="93" assertions="18" time="0.001220"/>
        <testcase name="testFormatTransactionWithVerificationAmount" class="GlobalPayments\Examples\Tests\TransactionReporterTest" classname="GlobalPayments.Examples.Tests.TransactionReporterTest" file="/home/radoslavsheytanov/Documents/card-authentication/card-authentication/tests/TransactionReporterTest.php" line="125" assertions="2" time="0.000252"/>
        <testcase name="testGetTransactionType" class="GlobalPayments\Examples\Tests\TransactionReporterTest" classname="GlobalPayments.Examples.Tests.TransactionReporterTest" file="/home/radoslavsheytanov/Documents/card-authentication/card-authentication/tests/TransactionReporterTest.php" line="138" assertions="6" time="0.000207"/>
        <testcase name="testGetResponseCode" class="GlobalPayments\Examples\Tests\TransactionReporterTest" classname="GlobalPayments.Examples.Tests.TransactionReporterTest" file="/home/radoslavsheytanov/Documents/card-authentication/card-authentication/tests/TransactionReporterTest.php" line="178" assertions="5" time="0.000202"/>
        <testcase name="testGetResponseMessage" class="GlobalPayments\Examples\Tests\TransactionReporterTest" classname="GlobalPayments.Examples.Tests.TransactionReporterTest" file="/home/radoslavsheytanov/Documents/card-authentication/card-authentication/tests/TransactionReporterTest.php" line="223" assertions="4" time="0.000169"/>
        <testcase name="testGetTransactionStatus" class="GlobalPayments\Examples\Tests\TransactionReporterTest" classname="GlobalPayments.Examples.Tests.TransactionReporterTest" file="/home/radoslavsheytanov/Documents/card-authentication/card-authentication/tests/TransactionReporterTest.php" line="256" assertions="7" time="0.000214"/>
        <testcase name="testValidateTransactionAuthenticity" class="GlobalPayments\Examples\Tests\TransactionReporterTest" classname="GlobalPayments.Examples.Tests.TransactionReporterTest" file="/home/radoslavsheytanov/Documents/card-authentication/card-authentication/tests/TransactionReporterTest.php" line="306" assertions="6" time="0.000569"/>
        <testcase name="testRecordTransaction" class="GlobalPayments\Examples\Tests\TransactionReporterTest" classname="GlobalPayments.Examples.Tests.TransactionReporterTest" file="/home/radoslavsheytanov/Documents/card-authentication/card-authentication/tests/TransactionReporterTest.php" line="342" assertions="0" time="0.004356"/>
        <testcase name="testGetLocalTransactions" class="GlobalPayments\Examples\Tests\TransactionReporterTest" classname="GlobalPayments.Examples.Tests.TransactionReporterTest" file="/home/radoslavsheytanov/Documents/card-authentication/card-authentication/tests/TransactionReporterTest.php" line="365" assertions="6" time="0.004537"/>
        <testcase name="testGetLocalTransactionsWithDateFilter" class="GlobalPayments\Examples\Tests\TransactionReporterTest" classname="GlobalPayments.Examples.Tests.TransactionReporterTest" file="/home/radoslavsheytanov/Documents/card-authentication/card-authentication/tests/TransactionReporterTest.php" line="401" assertions="3" time="0.006913"/>
        <testcase name="testTimestampHandling" class="GlobalPayments\Examples\Tests\TransactionReporterTest" classname="GlobalPayments.Examples.Tests.TransactionReporterTest" file="/home/radoslavsheytanov/Documents/card-authentication/card-authentication/tests/TransactionReporterTest.php" line="448" assertions="4" time="0.000510"/>
        <testcase name="testCardDataHandling" class="GlobalPayments\Examples\Tests\TransactionReporterTest" classname="GlobalPayments.Examples.Tests.TransactionReporterTest" file="/home/radoslavsheytanov/Documents/card-authentication/card-authentication/tests/TransactionReporterTest.php" line="487" assertions="3" time="0.000524"/>
      </testsuite>
    </testsuite>
  </testsuite>
</testsuites>
