<?xml version="1.0" encoding="UTF-8"?>
<testsuites>
  <testsuite name="" tests="17" assertions="128" errors="0" warnings="0" failures="0" skipped="0" time="0.076970">
    <testsuite name="Unit Tests" tests="17" assertions="128" errors="0" warnings="0" failures="0" skipped="0" time="0.076970">
      <testsuite name="GlobalPayments\Examples\Tests\TransactionReporterIntegrationTest" file="/home/radoslavsheytanov/Documents/PHP Project/card-authentication/tests/TransactionReporterIntegrationTest.php" tests="5" assertions="64" errors="0" warnings="0" failures="0" skipped="0" time="0.061761">
        <testcase name="testRecordAndRetrieveLocalTransactions" class="GlobalPayments\Examples\Tests\TransactionReporterIntegrationTest" classname="GlobalPayments.Examples.Tests.TransactionReporterIntegrationTest" file="/home/radoslavsheytanov/Documents/PHP Project/card-authentication/tests/TransactionReporterIntegrationTest.php" line="40" assertions="16" time="0.030789"/>
        <testcase name="testDateRangeFiltering" class="GlobalPayments\Examples\Tests\TransactionReporterIntegrationTest" classname="GlobalPayments.Examples.Tests.TransactionReporterIntegrationTest" file="/home/radoslavsheytanov/Documents/PHP Project/card-authentication/tests/TransactionReporterIntegrationTest.php" line="147" assertions="9" time="0.004219"/>
        <testcase name="testTransactionLimitHandling" class="GlobalPayments\Examples\Tests\TransactionReporterIntegrationTest" classname="GlobalPayments.Examples.Tests.TransactionReporterIntegrationTest" file="/home/radoslavsheytanov/Documents/PHP Project/card-authentication/tests/TransactionReporterIntegrationTest.php" line="209" assertions="9" time="0.019055"/>
        <testcase name="testTransactionDataIntegrity" class="GlobalPayments\Examples\Tests\TransactionReporterIntegrationTest" classname="GlobalPayments.Examples.Tests.TransactionReporterIntegrationTest" file="/home/radoslavsheytanov/Documents/PHP Project/card-authentication/tests/TransactionReporterIntegrationTest.php" line="257" assertions="17" time="0.003278"/>
        <testcase name="testDefaultValueHandling" class="GlobalPayments\Examples\Tests\TransactionReporterIntegrationTest" classname="GlobalPayments.Examples.Tests.TransactionReporterIntegrationTest" file="/home/radoslavsheytanov/Documents/PHP Project/card-authentication/tests/TransactionReporterIntegrationTest.php" line="323" assertions="13" time="0.004421"/>
      </testsuite>
      <testsuite name="GlobalPayments\Examples\Tests\TransactionReporterTest" file="/home/radoslavsheytanov/Documents/PHP Project/card-authentication/tests/TransactionReporterTest.php" tests="12" assertions="64" errors="0" warnings="0" failures="0" skipped="0" time="0.015209">
        <testcase name="testFormatTransactionForDashboard" class="GlobalPayments\Examples\Tests\TransactionReporterTest" classname="GlobalPayments.Examples.Tests.TransactionReporterTest" file="/home/radoslavsheytanov/Documents/PHP Project/card-authentication/tests/TransactionReporterTest.php" line="93" assertions="18" time="0.000631"/>
        <testcase name="testFormatTransactionWithVerificationAmount" class="GlobalPayments\Examples\Tests\TransactionReporterTest" classname="GlobalPayments.Examples.Tests.TransactionReporterTest" file="/home/radoslavsheytanov/Documents/PHP Project/card-authentication/tests/TransactionReporterTest.php" line="125" assertions="2" time="0.000214"/>
        <testcase name="testGetTransactionType" class="GlobalPayments\Examples\Tests\TransactionReporterTest" classname="GlobalPayments.Examples.Tests.TransactionReporterTest" file="/home/radoslavsheytanov/Documents/PHP Project/card-authentication/tests/TransactionReporterTest.php" line="138" assertions="6" time="0.000167"/>
        <testcase name="testGetResponseCode" class="GlobalPayments\Examples\Tests\TransactionReporterTest" classname="GlobalPayments.Examples.Tests.TransactionReporterTest" file="/home/radoslavsheytanov/Documents/PHP Project/card-authentication/tests/TransactionReporterTest.php" line="178" assertions="5" time="0.000137"/>
        <testcase name="testGetResponseMessage" class="GlobalPayments\Examples\Tests\TransactionReporterTest" classname="GlobalPayments.Examples.Tests.TransactionReporterTest" file="/home/radoslavsheytanov/Documents/PHP Project/card-authentication/tests/TransactionReporterTest.php" line="223" assertions="4" time="0.000132"/>
        <testcase name="testGetTransactionStatus" class="GlobalPayments\Examples\Tests\TransactionReporterTest" classname="GlobalPayments.Examples.Tests.TransactionReporterTest" file="/home/radoslavsheytanov/Documents/PHP Project/card-authentication/tests/TransactionReporterTest.php" line="256" assertions="7" time="0.000171"/>
        <testcase name="testValidateTransactionAuthenticity" class="GlobalPayments\Examples\Tests\TransactionReporterTest" classname="GlobalPayments.Examples.Tests.TransactionReporterTest" file="/home/radoslavsheytanov/Documents/PHP Project/card-authentication/tests/TransactionReporterTest.php" line="306" assertions="6" time="0.000524"/>
        <testcase name="testRecordTransaction" class="GlobalPayments\Examples\Tests\TransactionReporterTest" classname="GlobalPayments.Examples.Tests.TransactionReporterTest" file="/home/radoslavsheytanov/Documents/PHP Project/card-authentication/tests/TransactionReporterTest.php" line="342" assertions="0" time="0.002888"/>
        <testcase name="testGetLocalTransactions" class="GlobalPayments\Examples\Tests\TransactionReporterTest" classname="GlobalPayments.Examples.Tests.TransactionReporterTest" file="/home/radoslavsheytanov/Documents/PHP Project/card-authentication/tests/TransactionReporterTest.php" line="365" assertions="6" time="0.003981"/>
        <testcase name="testGetLocalTransactionsWithDateFilter" class="GlobalPayments\Examples\Tests\TransactionReporterTest" classname="GlobalPayments.Examples.Tests.TransactionReporterTest" file="/home/radoslavsheytanov/Documents/PHP Project/card-authentication/tests/TransactionReporterTest.php" line="400" assertions="3" time="0.005662"/>
        <testcase name="testTimestampHandling" class="GlobalPayments\Examples\Tests\TransactionReporterTest" classname="GlobalPayments.Examples.Tests.TransactionReporterTest" file="/home/radoslavsheytanov/Documents/PHP Project/card-authentication/tests/TransactionReporterTest.php" line="445" assertions="4" time="0.000297"/>
        <testcase name="testCardDataHandling" class="GlobalPayments\Examples\Tests\TransactionReporterTest" classname="GlobalPayments.Examples.Tests.TransactionReporterTest" file="/home/radoslavsheytanov/Documents/PHP Project/card-authentication/tests/TransactionReporterTest.php" line="484" assertions="3" time="0.000404"/>
      </testsuite>
    </testsuite>
  </testsuite>
</testsuites>
