<?xml version="1.0" encoding="UTF-8"?>
<testsuites>
  <testsuite name="GlobalPayments\Examples\Tests\TransactionReporterIntegrationTest" file="/home/radoslavsheytanov/Documents/card-authentication/card-authentication/tests/TransactionReporterIntegrationTest.php" tests="5" assertions="64" errors="0" warnings="0" failures="0" skipped="0" time="0.101402">
    <testcase name="testRecordAndRetrieveLocalTransactions" class="GlobalPayments\Examples\Tests\TransactionReporterIntegrationTest" classname="GlobalPayments.Examples.Tests.TransactionReporterIntegrationTest" file="/home/radoslavsheytanov/Documents/card-authentication/card-authentication/tests/TransactionReporterIntegrationTest.php" line="40" assertions="16" time="0.013310"/>
    <testcase name="testDateRangeFiltering" class="GlobalPayments\Examples\Tests\TransactionReporterIntegrationTest" classname="GlobalPayments.Examples.Tests.TransactionReporterIntegrationTest" file="/home/radoslavsheytanov/Documents/card-authentication/card-authentication/tests/TransactionReporterIntegrationTest.php" line="148" assertions="9" time="0.006569"/>
    <testcase name="testTransactionLimitHandling" class="GlobalPayments\Examples\Tests\TransactionReporterIntegrationTest" classname="GlobalPayments.Examples.Tests.TransactionReporterIntegrationTest" file="/home/radoslavsheytanov/Documents/card-authentication/card-authentication/tests/TransactionReporterIntegrationTest.php" line="213" assertions="9" time="0.062647"/>
    <testcase name="testTransactionDataIntegrity" class="GlobalPayments\Examples\Tests\TransactionReporterIntegrationTest" classname="GlobalPayments.Examples.Tests.TransactionReporterIntegrationTest" file="/home/radoslavsheytanov/Documents/card-authentication/card-authentication/tests/TransactionReporterIntegrationTest.php" line="264" assertions="17" time="0.009160"/>
    <testcase name="testDefaultValueHandling" class="GlobalPayments\Examples\Tests\TransactionReporterIntegrationTest" classname="GlobalPayments.Examples.Tests.TransactionReporterIntegrationTest" file="/home/radoslavsheytanov/Documents/card-authentication/card-authentication/tests/TransactionReporterIntegrationTest.php" line="331" assertions="13" time="0.009716"/>
  </testsuite>
</testsuites>
